<?xml version="1.0" encoding="UTF-8"?>
<testsuite name="LibraryTest" tests="1" skipped="0" failures="0" errors="0" timestamp="2016-01-12T15:48:49" hostname="wrks129-159fiec" time="0.003">
  <properties/>
  <testcase name="testSomeLibraryMethod" classname="LibraryTest" time="0.003"/>
  <system-out><![CDATA[]]></system-out>
  <system-err><![CDATA[]]></system-err>
</testsuite>
